The system is: Darwin - 17.7.0 - x86_64
Compiling the C compiler identification source file "CMakeCCompilerId.c" succeeded.
Compiler: /Applications/Xcode.app/Contents/Developer/Toolchains/XcodeDefault.xctoolchain/usr/bin/cc 
Build flags: 
Id flags:  

The output was:
0


Compilation of the C compiler identification source "CMakeCCompilerId.c" produced "a.out"

The C compiler identification is AppleClang, found in "/goinfre/amatshiy/Desktop/Nibbler_42/build/CMakeFiles/3.12.0/CompilerIdC/a.out"

Determining if the C compiler works passed with the following output:
Change Dir: /goinfre/amatshiy/Desktop/Nibbler_42/build/CMakeFiles/CMakeTmp

Run Build Command:"/usr/bin/make" "cmTC_86e81/fast"
/Applications/Xcode.app/Contents/Developer/usr/bin/make -f CMakeFiles/cmTC_86e81.dir/build.make CMakeFiles/cmTC_86e81.dir/build
Building C object CMakeFiles/cmTC_86e81.dir/testCCompiler.c.o
/Applications/Xcode.app/Contents/Developer/Toolchains/XcodeDefault.xctoolchain/usr/bin/cc    -o CMakeFiles/cmTC_86e81.dir/testCCompiler.c.o   -c /goinfre/amatshiy/Desktop/Nibbler_42/build/CMakeFiles/CMakeTmp/testCCompiler.c
Linking C executable cmTC_86e81
/goinfre/amatshiy/.brew/Cellar/cmake/3.12.0/bin/cmake -E cmake_link_script CMakeFiles/cmTC_86e81.dir/link.txt --verbose=1
/Applications/Xcode.app/Contents/Developer/Toolchains/XcodeDefault.xctoolchain/usr/bin/cc   -Wl,-search_paths_first -Wl,-headerpad_max_install_names   CMakeFiles/cmTC_86e81.dir/testCCompiler.c.o  -o cmTC_86e81 


Detecting C compiler ABI info compiled with the following output:
Change Dir: /goinfre/amatshiy/Desktop/Nibbler_42/build/CMakeFiles/CMakeTmp

Run Build Command:"/usr/bin/make" "cmTC_1be2d/fast"
/Applications/Xcode.app/Contents/Developer/usr/bin/make -f CMakeFiles/cmTC_1be2d.dir/build.make CMakeFiles/cmTC_1be2d.dir/build
Building C object CMakeFiles/cmTC_1be2d.dir/CMakeCCompilerABI.c.o
/Applications/Xcode.app/Contents/Developer/Toolchains/XcodeDefault.xctoolchain/usr/bin/cc    -o CMakeFiles/cmTC_1be2d.dir/CMakeCCompilerABI.c.o   -c /goinfre/amatshiy/.brew/Cellar/cmake/3.12.0/share/cmake/Modules/CMakeCCompilerABI.c
Linking C executable cmTC_1be2d
/goinfre/amatshiy/.brew/Cellar/cmake/3.12.0/bin/cmake -E cmake_link_script CMakeFiles/cmTC_1be2d.dir/link.txt --verbose=1
/Applications/Xcode.app/Contents/Developer/Toolchains/XcodeDefault.xctoolchain/usr/bin/cc   -Wl,-search_paths_first -Wl,-headerpad_max_install_names  -v -Wl,-v CMakeFiles/cmTC_1be2d.dir/CMakeCCompilerABI.c.o  -o cmTC_1be2d 
Apple LLVM version 9.0.0 (clang-900.0.39.2)
Target: x86_64-apple-darwin17.7.0
Thread model: posix
InstalledDir: /Applications/Xcode.app/Contents/Developer/Toolchains/XcodeDefault.xctoolchain/usr/bin
 "/Applications/Xcode.app/Contents/Developer/Toolchains/XcodeDefault.xctoolchain/usr/bin/ld" -demangle -lto_library /Applications/Xcode.app/Contents/Developer/Toolchains/XcodeDefault.xctoolchain/usr/lib/libLTO.dylib -dynamic -arch x86_64 -macosx_version_min 10.13.0 -o cmTC_1be2d -search_paths_first -headerpad_max_install_names -v CMakeFiles/cmTC_1be2d.dir/CMakeCCompilerABI.c.o -lSystem /Applications/Xcode.app/Contents/Developer/Toolchains/XcodeDefault.xctoolchain/usr/lib/clang/9.0.0/lib/darwin/libclang_rt.osx.a
@(#)PROGRAM:ld  PROJECT:ld64-305
configured to support archs: armv6 armv7 armv7s arm64 i386 x86_64 x86_64h armv6m armv7k armv7m armv7em (tvOS)
Library search paths:
	/usr/lib
Framework search paths:
	/Library/Frameworks/
	/System/Library/Frameworks/


Parsed C implicit link information from above output:
  link line regex: [^( *|.*[/\])(ld|CMAKE_LINK_STARTFILE-NOTFOUND|([^/\]+-)?ld|collect2)[^/\]*( |$)]
  ignore line: [Change Dir: /goinfre/amatshiy/Desktop/Nibbler_42/build/CMakeFiles/CMakeTmp]
  ignore line: []
  ignore line: [Run Build Command:"/usr/bin/make" "cmTC_1be2d/fast"]
  ignore line: [/Applications/Xcode.app/Contents/Developer/usr/bin/make -f CMakeFiles/cmTC_1be2d.dir/build.make CMakeFiles/cmTC_1be2d.dir/build]
  ignore line: [Building C object CMakeFiles/cmTC_1be2d.dir/CMakeCCompilerABI.c.o]
  ignore line: [/Applications/Xcode.app/Contents/Developer/Toolchains/XcodeDefault.xctoolchain/usr/bin/cc    -o CMakeFiles/cmTC_1be2d.dir/CMakeCCompilerABI.c.o   -c /goinfre/amatshiy/.brew/Cellar/cmake/3.12.0/share/cmake/Modules/CMakeCCompilerABI.c]
  ignore line: [Linking C executable cmTC_1be2d]
  ignore line: [/goinfre/amatshiy/.brew/Cellar/cmake/3.12.0/bin/cmake -E cmake_link_script CMakeFiles/cmTC_1be2d.dir/link.txt --verbose=1]
  ignore line: [/Applications/Xcode.app/Contents/Developer/Toolchains/XcodeDefault.xctoolchain/usr/bin/cc   -Wl,-search_paths_first -Wl,-headerpad_max_install_names  -v -Wl,-v CMakeFiles/cmTC_1be2d.dir/CMakeCCompilerABI.c.o  -o cmTC_1be2d ]
  ignore line: [Apple LLVM version 9.0.0 (clang-900.0.39.2)]
  ignore line: [Target: x86_64-apple-darwin17.7.0]
  ignore line: [Thread model: posix]
  ignore line: [InstalledDir: /Applications/Xcode.app/Contents/Developer/Toolchains/XcodeDefault.xctoolchain/usr/bin]
  link line: [ "/Applications/Xcode.app/Contents/Developer/Toolchains/XcodeDefault.xctoolchain/usr/bin/ld" -demangle -lto_library /Applications/Xcode.app/Contents/Developer/Toolchains/XcodeDefault.xctoolchain/usr/lib/libLTO.dylib -dynamic -arch x86_64 -macosx_version_min 10.13.0 -o cmTC_1be2d -search_paths_first -headerpad_max_install_names -v CMakeFiles/cmTC_1be2d.dir/CMakeCCompilerABI.c.o -lSystem /Applications/Xcode.app/Contents/Developer/Toolchains/XcodeDefault.xctoolchain/usr/lib/clang/9.0.0/lib/darwin/libclang_rt.osx.a]
    arg [/Applications/Xcode.app/Contents/Developer/Toolchains/XcodeDefault.xctoolchain/usr/bin/ld] ==> ignore
    arg [-demangle] ==> ignore
    arg [-lto_library] ==> ignore, skip following value
    arg [/Applications/Xcode.app/Contents/Developer/Toolchains/XcodeDefault.xctoolchain/usr/lib/libLTO.dylib] ==> skip value of -lto_library
    arg [-dynamic] ==> ignore
    arg [-arch] ==> ignore
    arg [x86_64] ==> ignore
    arg [-macosx_version_min] ==> ignore
    arg [10.13.0] ==> ignore
    arg [-o] ==> ignore
    arg [cmTC_1be2d] ==> ignore
    arg [-search_paths_first] ==> ignore
    arg [-headerpad_max_install_names] ==> ignore
    arg [-v] ==> ignore
    arg [CMakeFiles/cmTC_1be2d.dir/CMakeCCompilerABI.c.o] ==> ignore
    arg [-lSystem] ==> lib [System]
    arg [/Applications/Xcode.app/Contents/Developer/Toolchains/XcodeDefault.xctoolchain/usr/lib/clang/9.0.0/lib/darwin/libclang_rt.osx.a] ==> lib [/Applications/Xcode.app/Contents/Developer/Toolchains/XcodeDefault.xctoolchain/usr/lib/clang/9.0.0/lib/darwin/libclang_rt.osx.a]
  Library search paths: [;/usr/lib]
  Framework search paths: [;/Library/Frameworks/;/System/Library/Frameworks/]
  remove lib [System]
  remove lib [/Applications/Xcode.app/Contents/Developer/Toolchains/XcodeDefault.xctoolchain/usr/lib/clang/9.0.0/lib/darwin/libclang_rt.osx.a]
  collapse library dir [/usr/lib] ==> [/usr/lib]
  collapse framework dir [/Library/Frameworks/] ==> [/Library/Frameworks]
  collapse framework dir [/System/Library/Frameworks/] ==> [/System/Library/Frameworks]
  implicit libs: []
  implicit dirs: [/usr/lib]
  implicit fwks: [/Library/Frameworks;/System/Library/Frameworks]




Detecting C [-std=c11] compiler features compiled with the following output:
Change Dir: /goinfre/amatshiy/Desktop/Nibbler_42/build/CMakeFiles/CMakeTmp

Run Build Command:"/usr/bin/make" "cmTC_b2f8c/fast"
/Applications/Xcode.app/Contents/Developer/usr/bin/make -f CMakeFiles/cmTC_b2f8c.dir/build.make CMakeFiles/cmTC_b2f8c.dir/build
Building C object CMakeFiles/cmTC_b2f8c.dir/feature_tests.c.o
/Applications/Xcode.app/Contents/Developer/Toolchains/XcodeDefault.xctoolchain/usr/bin/cc   -std=c11 -o CMakeFiles/cmTC_b2f8c.dir/feature_tests.c.o   -c /goinfre/amatshiy/Desktop/Nibbler_42/build/CMakeFiles/feature_tests.c
Linking C executable cmTC_b2f8c
/goinfre/amatshiy/.brew/Cellar/cmake/3.12.0/bin/cmake -E cmake_link_script CMakeFiles/cmTC_b2f8c.dir/link.txt --verbose=1
/Applications/Xcode.app/Contents/Developer/Toolchains/XcodeDefault.xctoolchain/usr/bin/cc   -Wl,-search_paths_first -Wl,-headerpad_max_install_names   CMakeFiles/cmTC_b2f8c.dir/feature_tests.c.o  -o cmTC_b2f8c 


    Feature record: C_FEATURE:1c_function_prototypes
    Feature record: C_FEATURE:1c_restrict
    Feature record: C_FEATURE:1c_static_assert
    Feature record: C_FEATURE:1c_variadic_macros


Detecting C [-std=c99] compiler features compiled with the following output:
Change Dir: /goinfre/amatshiy/Desktop/Nibbler_42/build/CMakeFiles/CMakeTmp

Run Build Command:"/usr/bin/make" "cmTC_0cf78/fast"
/Applications/Xcode.app/Contents/Developer/usr/bin/make -f CMakeFiles/cmTC_0cf78.dir/build.make CMakeFiles/cmTC_0cf78.dir/build
Building C object CMakeFiles/cmTC_0cf78.dir/feature_tests.c.o
/Applications/Xcode.app/Contents/Developer/Toolchains/XcodeDefault.xctoolchain/usr/bin/cc   -std=c99 -o CMakeFiles/cmTC_0cf78.dir/feature_tests.c.o   -c /goinfre/amatshiy/Desktop/Nibbler_42/build/CMakeFiles/feature_tests.c
Linking C executable cmTC_0cf78
/goinfre/amatshiy/.brew/Cellar/cmake/3.12.0/bin/cmake -E cmake_link_script CMakeFiles/cmTC_0cf78.dir/link.txt --verbose=1
/Applications/Xcode.app/Contents/Developer/Toolchains/XcodeDefault.xctoolchain/usr/bin/cc   -Wl,-search_paths_first -Wl,-headerpad_max_install_names   CMakeFiles/cmTC_0cf78.dir/feature_tests.c.o  -o cmTC_0cf78 


    Feature record: C_FEATURE:1c_function_prototypes
    Feature record: C_FEATURE:1c_restrict
    Feature record: C_FEATURE:0c_static_assert
    Feature record: C_FEATURE:1c_variadic_macros


Detecting C [-std=c90] compiler features compiled with the following output:
Change Dir: /goinfre/amatshiy/Desktop/Nibbler_42/build/CMakeFiles/CMakeTmp

Run Build Command:"/usr/bin/make" "cmTC_4ed28/fast"
/Applications/Xcode.app/Contents/Developer/usr/bin/make -f CMakeFiles/cmTC_4ed28.dir/build.make CMakeFiles/cmTC_4ed28.dir/build
Building C object CMakeFiles/cmTC_4ed28.dir/feature_tests.c.o
/Applications/Xcode.app/Contents/Developer/Toolchains/XcodeDefault.xctoolchain/usr/bin/cc   -std=c90 -o CMakeFiles/cmTC_4ed28.dir/feature_tests.c.o   -c /goinfre/amatshiy/Desktop/Nibbler_42/build/CMakeFiles/feature_tests.c
Linking C executable cmTC_4ed28
/goinfre/amatshiy/.brew/Cellar/cmake/3.12.0/bin/cmake -E cmake_link_script CMakeFiles/cmTC_4ed28.dir/link.txt --verbose=1
/Applications/Xcode.app/Contents/Developer/Toolchains/XcodeDefault.xctoolchain/usr/bin/cc   -Wl,-search_paths_first -Wl,-headerpad_max_install_names   CMakeFiles/cmTC_4ed28.dir/feature_tests.c.o  -o cmTC_4ed28 


    Feature record: C_FEATURE:1c_function_prototypes
    Feature record: C_FEATURE:0c_restrict
    Feature record: C_FEATURE:0c_static_assert
    Feature record: C_FEATURE:0c_variadic_macros
Determining if the include file pthread.h exists passed with the following output:
Change Dir: /goinfre/amatshiy/Desktop/Nibbler_42/build/CMakeFiles/CMakeTmp

Run Build Command:"/usr/bin/make" "cmTC_43f45/fast"
/Applications/Xcode.app/Contents/Developer/usr/bin/make -f CMakeFiles/cmTC_43f45.dir/build.make CMakeFiles/cmTC_43f45.dir/build
Building C object CMakeFiles/cmTC_43f45.dir/CheckIncludeFile.c.o
/Applications/Xcode.app/Contents/Developer/Toolchains/XcodeDefault.xctoolchain/usr/bin/cc    -o CMakeFiles/cmTC_43f45.dir/CheckIncludeFile.c.o   -c /goinfre/amatshiy/Desktop/Nibbler_42/build/CMakeFiles/CMakeTmp/CheckIncludeFile.c
Linking C executable cmTC_43f45
/goinfre/amatshiy/.brew/Cellar/cmake/3.12.0/bin/cmake -E cmake_link_script CMakeFiles/cmTC_43f45.dir/link.txt --verbose=1
/Applications/Xcode.app/Contents/Developer/Toolchains/XcodeDefault.xctoolchain/usr/bin/cc   -Wl,-search_paths_first -Wl,-headerpad_max_install_names   CMakeFiles/cmTC_43f45.dir/CheckIncludeFile.c.o  -o cmTC_43f45 


Determining if the pthread_create exist passed with the following output:
Change Dir: /goinfre/amatshiy/Desktop/Nibbler_42/build/CMakeFiles/CMakeTmp

Run Build Command:"/usr/bin/make" "cmTC_79742/fast"
/Applications/Xcode.app/Contents/Developer/usr/bin/make -f CMakeFiles/cmTC_79742.dir/build.make CMakeFiles/cmTC_79742.dir/build
Building C object CMakeFiles/cmTC_79742.dir/CheckSymbolExists.c.o
/Applications/Xcode.app/Contents/Developer/Toolchains/XcodeDefault.xctoolchain/usr/bin/cc    -o CMakeFiles/cmTC_79742.dir/CheckSymbolExists.c.o   -c /goinfre/amatshiy/Desktop/Nibbler_42/build/CMakeFiles/CMakeTmp/CheckSymbolExists.c
Linking C executable cmTC_79742
/goinfre/amatshiy/.brew/Cellar/cmake/3.12.0/bin/cmake -E cmake_link_script CMakeFiles/cmTC_79742.dir/link.txt --verbose=1
/Applications/Xcode.app/Contents/Developer/Toolchains/XcodeDefault.xctoolchain/usr/bin/cc   -Wl,-search_paths_first -Wl,-headerpad_max_install_names   CMakeFiles/cmTC_79742.dir/CheckSymbolExists.c.o  -o cmTC_79742 

File /goinfre/amatshiy/Desktop/Nibbler_42/build/CMakeFiles/CMakeTmp/CheckSymbolExists.c:
/* */
#include <pthread.h>

int main(int argc, char** argv)
{
  (void)argv;
#ifndef pthread_create
  return ((int*)(&pthread_create))[argc];
#else
  (void)argc;
  return 0;
#endif
}

